-------------------------------------------------------------------------------
Test set: com.aaron.epsilon_backend.EpsilonBackendApplicationTests
-------------------------------------------------------------------------------
Tests run: 1, Failures: 0, Errors: 1, Skipped: 0, Time elapsed: 8.059 s <<< FAILURE! - in com.aaron.epsilon_backend.EpsilonBackendApplicationTests
contextLoads  Time elapsed: 0.01 s  <<< ERROR!
java.lang.IllegalStateException: Failed to load ApplicationContext for [WebMergedContextConfiguration@22bca04e testClass = com.aaron.epsilon_backend.EpsilonBackendApplicationTests, locations = [], classes = [com.aaron.epsilon_backend.EpsilonBackendApplication], contextInitializerClasses = [], activeProfiles = [], propertySourceLocations = [], propertySourceProperties = ["org.springframework.boot.test.context.SpringBootTestContextBootstrapper=true"], contextCustomizers = [org.springframework.boot.test.context.filter.ExcludeFilterContextCustomizer@455b6df1, org.springframework.boot.test.json.DuplicateJsonObjectContextCustomizerFactory$DuplicateJsonObjectContextCustomizer@14bee915, org.springframework.boot.test.mock.mockito.MockitoContextCustomizer@0, org.springframework.boot.test.web.client.TestRestTemplateContextCustomizer@1e44b638, org.springframework.boot.test.autoconfigure.actuate.observability.ObservabilityContextCustomizerFactory$DisableObservabilityContextCustomizer@9da1, org.springframework.boot.test.autoconfigure.properties.PropertyMappingContextCustomizer@0, org.springframework.boot.test.autoconfigure.web.servlet.WebDriverContextCustomizerFactory$Customizer@1f53a5dc, org.springframework.boot.test.context.SpringBootTestAnnotation@c9bfde14], resourceBasePath = "src/main/webapp", contextLoader = org.springframework.boot.test.context.SpringBootContextLoader, parent = null]
Caused by: org.springframework.beans.factory.UnsatisfiedDependencyException: Error creating bean with name 'productosRestController': Unsatisfied dependency expressed through field 'productosService': Error creating bean with name 'productosServiceImpl': Unsatisfied dependency expressed through field 'productosDAO': Error creating bean with name 'IProductosDAO' defined in com.aaron.epsilon_backend.modelos.dao.IProductosDAO defined in @EnableJpaRepositories declared on JpaRepositoriesRegistrar.EnableJpaRepositoriesConfiguration: Could not create query for public abstract org.springframework.data.domain.Page com.aaron.epsilon_backend.modelos.dao.IProductosDAO.findByFiltroCategoria(org.springframework.data.domain.Pageable,com.aaron.epsilon_backend.utilidades.FiltroCategoria); Reason: Failed to create query for method public abstract org.springframework.data.domain.Page com.aaron.epsilon_backend.modelos.dao.IProductosDAO.findByFiltroCategoria(org.springframework.data.domain.Pageable,com.aaron.epsilon_backend.utilidades.FiltroCategoria); No property 'filtroCategoria' found for type 'Productos'
Caused by: org.springframework.beans.factory.UnsatisfiedDependencyException: Error creating bean with name 'productosServiceImpl': Unsatisfied dependency expressed through field 'productosDAO': Error creating bean with name 'IProductosDAO' defined in com.aaron.epsilon_backend.modelos.dao.IProductosDAO defined in @EnableJpaRepositories declared on JpaRepositoriesRegistrar.EnableJpaRepositoriesConfiguration: Could not create query for public abstract org.springframework.data.domain.Page com.aaron.epsilon_backend.modelos.dao.IProductosDAO.findByFiltroCategoria(org.springframework.data.domain.Pageable,com.aaron.epsilon_backend.utilidades.FiltroCategoria); Reason: Failed to create query for method public abstract org.springframework.data.domain.Page com.aaron.epsilon_backend.modelos.dao.IProductosDAO.findByFiltroCategoria(org.springframework.data.domain.Pageable,com.aaron.epsilon_backend.utilidades.FiltroCategoria); No property 'filtroCategoria' found for type 'Productos'
Caused by: org.springframework.beans.factory.BeanCreationException: Error creating bean with name 'IProductosDAO' defined in com.aaron.epsilon_backend.modelos.dao.IProductosDAO defined in @EnableJpaRepositories declared on JpaRepositoriesRegistrar.EnableJpaRepositoriesConfiguration: Could not create query for public abstract org.springframework.data.domain.Page com.aaron.epsilon_backend.modelos.dao.IProductosDAO.findByFiltroCategoria(org.springframework.data.domain.Pageable,com.aaron.epsilon_backend.utilidades.FiltroCategoria); Reason: Failed to create query for method public abstract org.springframework.data.domain.Page com.aaron.epsilon_backend.modelos.dao.IProductosDAO.findByFiltroCategoria(org.springframework.data.domain.Pageable,com.aaron.epsilon_backend.utilidades.FiltroCategoria); No property 'filtroCategoria' found for type 'Productos'
Caused by: org.springframework.data.repository.query.QueryCreationException: Could not create query for public abstract org.springframework.data.domain.Page com.aaron.epsilon_backend.modelos.dao.IProductosDAO.findByFiltroCategoria(org.springframework.data.domain.Pageable,com.aaron.epsilon_backend.utilidades.FiltroCategoria); Reason: Failed to create query for method public abstract org.springframework.data.domain.Page com.aaron.epsilon_backend.modelos.dao.IProductosDAO.findByFiltroCategoria(org.springframework.data.domain.Pageable,com.aaron.epsilon_backend.utilidades.FiltroCategoria); No property 'filtroCategoria' found for type 'Productos'
Caused by: java.lang.IllegalArgumentException: Failed to create query for method public abstract org.springframework.data.domain.Page com.aaron.epsilon_backend.modelos.dao.IProductosDAO.findByFiltroCategoria(org.springframework.data.domain.Pageable,com.aaron.epsilon_backend.utilidades.FiltroCategoria); No property 'filtroCategoria' found for type 'Productos'
Caused by: org.springframework.data.mapping.PropertyReferenceException: No property 'filtroCategoria' found for type 'Productos'

